<?xml version="1.0" encoding="UTF-8"?>
<testng-results ignored="0" total="1" passed="1" failed="0" skipped="0">
  <reporter-output>
    <line>
      <![CDATA[Welcome]]>
    </line>
    <line>
      <![CDATA[Hihii]]>
    </line>
    <line>
      <![CDATA[Byeee]]>
    </line>
  </reporter-output>
  <suite started-at="2022-05-31T06:07:10Z" name="Suite" finished-at="2022-05-31T06:07:11Z" duration-ms="789">
    <groups>
    </groups>
    <test started-at="2022-05-31T06:07:10Z" name="Test" finished-at="2022-05-31T06:07:11Z" duration-ms="789">
      <class name="PracticeJenkinTest.Practice1Test">
        <test-method signature="practice1()[pri:0, instance:PracticeJenkinTest.Practice1Test@188b6035]" started-at="2022-05-31T06:07:10Z" name="practice1" finished-at="2022-05-31T06:07:11Z" duration-ms="246" status="PASS">
          <reporter-output>
            <line>
              <![CDATA[Welcome]]>
            </line>
            <line>
              <![CDATA[Hihii]]>
            </line>
            <line>
              <![CDATA[Byeee]]>
            </line>
          </reporter-output>
        </test-method> <!-- practice1 -->
      </class> <!-- PracticeJenkinTest.Practice1Test -->
    </test> <!-- Test -->
  </suite> <!-- Suite -->
</testng-results>
